# JRE version: Java(TM) SE Runtime Environment (20.0.1+9) (build 20.0.1+9-29)
# Java VM: Java HotSpot(TM) 64-Bit Server VM (20.0.1+9-29, mixed mode, sharing, tiered, compressed oops, compressed class ptrs, g1 gc, windows-amd64)
GC Precious Log:
 CardTable entry size: 512
 Card Set container configuration: InlinePtr #cards 5 size 8 Array Of Cards #cards 12 size 40 Howl #buckets 4 coarsen threshold 1843 Howl Bitmap #cards 512 size 80 coarsen threshold 460 Card regions per heap region 1 cards per card region 2048
 CPUs: 8 total, 8 available
 Memory: 3899M
 Large Page Support: Disabled
 NUMA Support: Disabled
 Compressed Oops: Enabled (32-bit)
 Heap Region Size: 1M
 Heap Min Capacity: 8M
 Heap Initial Capacity: 62M
 Heap Max Capacity: 976M
 Pre-touch: Disabled
 Parallel Workers: 8
 Concurrent Workers: 2
 Concurrent Refinement Workers: 8
 Periodic GC: Disabled
Heap:
 garbage-first heap   total 66560K, used 32784K [0x00000000c3000000, 0x0000000100000000)
  region size 1024K, 3 young (3072K), 2 survivors (2048K)
 Metaspace       used 78163K, committed 78976K, reserved 1179648K
  class space    used 9880K, committed 10240K, reserved 1048576K
GC Heap History (20 events):
Event: 135.969 GC heap after
{Heap after GC invocations=23 (full 0):
 garbage-first heap   total 66560K, used 34117K [0x00000000c3000000, 0x0000000100000000)
  region size 1024K, 2 young (2048K), 2 survivors (2048K)
 Metaspace       used 74970K, committed 75776K, reserved 1179648K
  class space    used 9814K, committed 10176K, reserved 1048576K
}
Event: 148.673 GC heap before
{Heap before GC invocations=23 (full 0):
 garbage-first heap   total 66560K, used 58693K [0x00000000c3000000, 0x0000000100000000)
  region size 1024K, 27 young (27648K), 2 survivors (2048K)
 Metaspace       used 75607K, committed 76480K, reserved 1179648K
  class space    used 9831K, committed 10240K, reserved 1048576K
}
Event: 148.699 GC heap after
{Heap after GC invocations=24 (full 0):
 garbage-first heap   total 66560K, used 33433K [0x00000000c3000000, 0x0000000100000000)
  region size 1024K, 2 young (2048K), 2 survivors (2048K)
 Metaspace       used 75607K, committed 76480K, reserved 1179648K
  class space    used 9831K, committed 10240K, reserved 1048576K
}
Event: 153.954 GC heap before
{Heap before GC invocations=24 (full 0):
 garbage-first heap   total 66560K, used 58009K [0x00000000c3000000, 0x0000000100000000)
  region size 1024K, 27 young (27648K), 2 survivors (2048K)
 Metaspace       used 76049K, committed 76928K, reserved 1179648K
  class space    used 9831K, committed 10240K, reserved 1048576K
}
Event: 153.964 GC heap after
{Heap after GC invocations=25 (full 0):
 garbage-first heap   total 66560K, used 33392K [0x00000000c3000000, 0x0000000100000000)
  region size 1024K, 2 young (2048K), 2 survivors (2048K)
 Metaspace       used 76049K, committed 76928K, reserved 1179648K
  class space    used 9831K, committed 10240K, reserved 1048576K
}
Event: 158.876 GC heap before
{Heap before GC invocations=26 (full 0):
 garbage-first heap   total 66560K, used 57968K [0x00000000c3000000, 0x0000000100000000)
  region size 1024K, 27 young (27648K), 2 survivors (2048K)
 Metaspace       used 76317K, committed 77184K, reserved 1179648K
  class space    used 9832K, committed 10240K, reserved 1048576K
}
Event: 158.880 GC heap after
{Heap after GC invocations=27 (full 0):
 garbage-first heap   total 66560K, used 33532K [0x00000000c3000000, 0x0000000100000000)
  region size 1024K, 2 young (2048K), 2 survivors (2048K)
 Metaspace       used 76317K, committed 77184K, reserved 1179648K
  class space    used 9832K, committed 10240K, reserved 1048576K
}
Event: 165.377 GC heap before
{Heap before GC invocations=27 (full 0):
 garbage-first heap   total 66560K, used 58108K [0x00000000c3000000, 0x0000000100000000)
  region size 1024K, 27 young (27648K), 2 survivors (2048K)
 Metaspace       used 76616K, committed 77440K, reserved 1179648K
  class space    used 9833K, committed 10240K, reserved 1048576K
}
Event: 165.412 GC heap after
{Heap after GC invocations=28 (full 0):
 garbage-first heap   total 66560K, used 33113K [0x00000000c3000000, 0x0000000100000000)
  region size 1024K, 2 young (2048K), 2 survivors (2048K)
 Metaspace       used 76616K, committed 77440K, reserved 1179648K
  class space    used 9833K, committed 10240K, reserved 1048576K
}
Event: 182.614 GC heap before
{Heap before GC invocations=28 (full 0):
 garbage-first heap   total 66560K, used 58713K [0x00000000c3000000, 0x0000000100000000)
  region size 1024K, 28 young (28672K), 2 survivors (2048K)
 Metaspace       used 77180K, committed 78016K, reserved 1179648K
  class space    used 9874K, committed 10240K, reserved 1048576K
}
Event: 182.664 GC heap after
{Heap after GC invocations=29 (full 0):
 garbage-first heap   total 66560K, used 33314K [0x00000000c3000000, 0x0000000100000000)
  region size 1024K, 3 young (3072K), 3 survivors (3072K)
 Metaspace       used 77180K, committed 78016K, reserved 1179648K
  class space    used 9874K, committed 10240K, reserved 1048576K
}
Event: 188.047 GC heap before
{Heap before GC invocations=30 (full 0):
 garbage-first heap   total 66560K, used 56866K [0x00000000c3000000, 0x0000000100000000)
  region size 1024K, 27 young (27648K), 3 survivors (3072K)
 Metaspace       used 77544K, committed 78336K, reserved 1179648K
  class space    used 9874K, committed 10240K, reserved 1048576K
}
Event: 188.059 GC heap after
{Heap after GC invocations=31 (full 0):
 garbage-first heap   total 66560K, used 33387K [0x00000000c3000000, 0x0000000100000000)
  region size 1024K, 3 young (3072K), 3 survivors (3072K)
 Metaspace       used 77544K, committed 78336K, reserved 1179648K
  class space    used 9874K, committed 10240K, reserved 1048576K
}
Event: 193.151 GC heap before
{Heap before GC invocations=31 (full 0):
 garbage-first heap   total 66560K, used 56939K [0x00000000c3000000, 0x0000000100000000)
  region size 1024K, 27 young (27648K), 3 survivors (3072K)
 Metaspace       used 77797K, committed 78592K, reserved 1179648K
  class space    used 9875K, committed 10240K, reserved 1048576K
}
Event: 193.166 GC heap after
{Heap after GC invocations=32 (full 0):
 garbage-first heap   total 66560K, used 32922K [0x00000000c3000000, 0x0000000100000000)
  region size 1024K, 2 young (2048K), 2 survivors (2048K)
 Metaspace       used 77797K, committed 78592K, reserved 1179648K
  class space    used 9875K, committed 10240K, reserved 1048576K
}
Event: 198.742 GC heap before
{Heap before GC invocations=32 (full 0):
 garbage-first heap   total 66560K, used 58522K [0x00000000c3000000, 0x0000000100000000)
  region size 1024K, 28 young (28672K), 2 survivors (2048K)
 Metaspace       used 78096K, committed 78912K, reserved 1179648K
  class space    used 9878K, committed 10240K, reserved 1048576K
}
Event: 198.772 GC heap after
{Heap after GC invocations=33 (full 0):
 garbage-first heap   total 66560K, used 33025K [0x00000000c3000000, 0x0000000100000000)
  region size 1024K, 3 young (3072K), 3 survivors (3072K)
 Metaspace       used 78096K, committed 78912K, reserved 1179648K
  class space    used 9878K, committed 10240K, reserved 1048576K
}
Event: 204.071 GC heap before
{Heap before GC invocations=34 (full 0):
 garbage-first heap   total 66560K, used 56577K [0x00000000c3000000, 0x0000000100000000)
  region size 1024K, 27 young (27648K), 3 survivors (3072K)
 Metaspace       used 78128K, committed 78976K, reserved 1179648K
  class space    used 9879K, committed 10240K, reserved 1048576K
}
Event: 204.077 GC heap after
{Heap after GC invocations=35 (full 0):
 garbage-first heap   total 66560K, used 32934K [0x00000000c3000000, 0x0000000100000000)
  region size 1024K, 2 young (2048K), 2 survivors (2048K)
 Metaspace       used 78128K, committed 78976K, reserved 1179648K
  class space    used 9879K, committed 10240K, reserved 1048576K
}
Event: 209.427 GC heap before
{Heap before GC invocations=35 (full 0):
 garbage-first heap   total 66560K, used 58534K [0x00000000c3000000, 0x0000000100000000)
  region size 1024K, 28 young (28672K), 2 survivors (2048K)
 Metaspace       used 78163K, committed 78976K, reserved 1179648K
  class space    used 9880K, committed 10240K, reserved 1048576K
}

